Analysis initiated from SIMULIA established products
Abaqus JOB Job-1
Abaqus 2022
Abaqus License Manager checked out the following licenses:
Abaqus/Foundation checked out 3 tokens from Flexnet server localhost.
<9996 out of 9999 licenses remain available>.
Begin Analysis Input File Processor
7/29/2022 6:36:21 PM
Run pre.exe
7/29/2022 6:36:27 PM
End Analysis Input File Processor
Begin Abaqus/Standard Analysis
7/29/2022 6:36:27 PM
Run standard.exe
7/29/2022 6:36:51 PM
End Abaqus/Standard Analysis
Begin SIM Wrap-up
7/29/2022 6:36:51 PM
Run SMASimUtility.exe
7/29/2022 6:36:52 PM
End SIM Wrap-up
Abaqus JOB Job-1 COMPLETED
